Fanxin/app/build/outputs/logs/manifest-merger-debug-report.txt
-- Merging decision tree log ---
manifest
ADDED from AndroidManifest.xml:2:1
	xmlns:android
		ADDED from AndroidManifest.xml:2:11
	package
		ADDED from AndroidManifest.xml:3:5
		INJECTED from AndroidManifest.xml:0:0
		INJECTED from AndroidManifest.xml:0:0
	android:versionName
		ADDED from AndroidManifest.xml:5:5
	android:versionCode
		ADDED from AndroidManifest.xml:4:5
		INJECTED from AndroidManifest.xml:0:0
		INJECTED from AndroidManifest.xml:0:0
uses-sdk
ADDED from AndroidManifest.xml:7:5
	android:targetSdkVersion
		ADDED from AndroidManifest.xml:9:9
		INJECTED from AndroidManifest.xml:0:0
		INJECTED from AndroidManifest.xml:0:0
	android:minSdkVersion
		ADDED from AndroidManifest.xml:8:9
		INJECTED from AndroidManifest.xml:0:0
		INJECTED from AndroidManifest.xml:0:0
uses-permission#android.permission.VIBRATE
ADDED from AndroidManifest.xml:11:5
	android:name
		ADDED from AndroidManifest.xml:11:22
uses-permission#android.permission.INTERNET
ADDED from AndroidManifest.xml:12:5
	android:name
		ADDED from AndroidManifest.xml:12:22
uses-permission#android.permission.RECORD_AUDIO
ADDED from AndroidManifest.xml:13:5
	android:name
		ADDED from AndroidManifest.xml:13:22
uses-permission#android.permission.CAMERA
ADDED from AndroidManifest.xml:14:5
	android:name
		ADDED from AndroidManifest.xml:14:22
uses-permission#android.permission.ACCESS_NETWORK_STATE
ADDED from AndroidManifest.xml:15:5
	android:name
		ADDED from AndroidManifest.xml:15:22
uses-permission#android.permission.ACCESS_MOCK_LOCATION
ADDED from AndroidManifest.xml:16:5
	android:name
		ADDED from AndroidManifest.xml:16:22
uses-permission#android.permission.READ_EXTERNAL_STORAGE
ADDED from AndroidManifest.xml:17:5
	android:name
		ADDED from AndroidManifest.xml:17:22
uses-permission#android.permission.WRITE_EXTERNAL_STORAGE
ADDED from AndroidManifest.xml:18:5
	android:name
		ADDED from AndroidManifest.xml:18:22
uses-permission#android.permission.MOUNT_UNMOUNT_FILESYSTEMS
ADDED from AndroidManifest.xml:19:5
	android:name
		ADDED from AndroidManifest.xml:19:22
uses-permission#android.permission.ACCESS_FINE_LOCATION
ADDED from AndroidManifest.xml:20:5
	android:name
		ADDED from AndroidManifest.xml:20:22
uses-permission#android.permission.GET_TASKS
ADDED from AndroidManifest.xml:21:5
	android:name
		ADDED from AndroidManifest.xml:21:22
uses-permission#android.permission.ACCESS_WIFI_STATE
ADDED from AndroidManifest.xml:22:5
	android:name
		ADDED from AndroidManifest.xml:22:22
uses-permission#android.permission.CHANGE_WIFI_STATE
ADDED from AndroidManifest.xml:23:5
	android:name
		ADDED from AndroidManifest.xml:23:22
uses-permission#android.permission.WAKE_LOCK
ADDED from AndroidManifest.xml:24:5
	android:name
		ADDED from AndroidManifest.xml:24:22
uses-permission#android.permission.MODIFY_AUDIO_SETTINGS
ADDED from AndroidManifest.xml:25:5
	android:name
		ADDED from AndroidManifest.xml:25:22
uses-permission#android.permission.READ_PHONE_STATE
ADDED from AndroidManifest.xml:26:5
	android:name
		ADDED from AndroidManifest.xml:26:22
uses-permission#android.permission.RECEIVE_BOOT_COMPLETED
ADDED from AndroidManifest.xml:27:5
	android:name
		ADDED from AndroidManifest.xml:27:22
uses-permission#android.permission.GET_ACCOUNTS
ADDED from AndroidManifest.xml:28:5
	android:name
		ADDED from AndroidManifest.xml:28:22
uses-permission#android.permission.USE_CREDENTIALS
ADDED from AndroidManifest.xml:29:5
	android:name
		ADDED from AndroidManifest.xml:29:22
uses-permission#android.permission.MANAGE_ACCOUNTS
ADDED from AndroidManifest.xml:30:5
	android:name
		ADDED from AndroidManifest.xml:30:22
uses-permission#android.permission.AUTHENTICATE_ACCOUNTS
ADDED from AndroidManifest.xml:31:5
	android:name
		ADDED from AndroidManifest.xml:31:22
uses-permission#com.android.launcher.permission.READ_SETTINGS
ADDED from AndroidManifest.xml:32:5
	android:name
		ADDED from AndroidManifest.xml:32:22
uses-permission#android.permission.BROADCAST_STICKY
ADDED from AndroidManifest.xml:33:5
	android:name
		ADDED from AndroidManifest.xml:33:22
uses-permission#android.permission.WRITE_SETTINGS
ADDED from AndroidManifest.xml:34:5
	android:name
		ADDED from AndroidManifest.xml:34:22
application
ADDED from AndroidManifest.xml:36:5
	android:label
		ADDED from AndroidManifest.xml:39:9
	android:allowBackup
		ADDED from AndroidManifest.xml:37:9
	android:icon
		ADDED from AndroidManifest.xml:38:9
activity#com.fanxin.activity.MainActivity
ADDED from AndroidManifest.xml:40:9
	android:windowSoftInputMode
		ADDED from AndroidManifest.xml:45:13
	android:screenOrientation
		ADDED from AndroidManifest.xml:43:13
	android:theme
		ADDED from AndroidManifest.xml:44:13
	android:name
		ADDED from AndroidManifest.xml:41:13
	android:launchMode
		ADDED from AndroidManifest.xml:42:13
activity#com.fanxin.activity.SplashActivity
ADDED from AndroidManifest.xml:49:9
	android:screenOrientation
		ADDED from AndroidManifest.xml:51:13
	android:theme
		ADDED from AndroidManifest.xml:52:13
	android:name
		ADDED from AndroidManifest.xml:50:13
intent-filter#android.intent.action.MAIN+android.intent.category.LAUNCHER
ADDED from AndroidManifest.xml:53:13
action#android.intent.action.MAIN
ADDED from AndroidManifest.xml:54:17
	android:name
		ADDED from AndroidManifest.xml:54:25
category#android.intent.category.LAUNCHER
ADDED from AndroidManifest.xml:56:17
	android:name
		ADDED from AndroidManifest.xml:56:27
activity#com.fanxin.app.fx.LoginActivity
ADDED from AndroidManifest.xml:61:9
	android:screenOrientation
		ADDED from AndroidManifest.xml:63:13
	android:theme
		ADDED from AndroidManifest.xml:64:13
	android:name
		ADDED from AndroidManifest.xml:62:13
activity#com.fanxin.app.fx.RegisterActivity
ADDED from AndroidManifest.xml:68:9
	android:screenOrientation
		ADDED from AndroidManifest.xml:70:13
	android:theme
		ADDED from AndroidManifest.xml:71:13
	android:name
		ADDED from AndroidManifest.xml:69:13
activity#com.fanxin.activity.ChatActivity
ADDED from AndroidManifest.xml:74:9
	android:windowSoftInputMode
		ADDED from AndroidManifest.xml:79:13
	android:screenOrientation
		ADDED from AndroidManifest.xml:77:13
	android:theme
		ADDED from AndroidManifest.xml:78:13
	android:name
		ADDED from AndroidManifest.xml:75:13
	android:launchMode
		ADDED from AndroidManifest.xml:76:13
activity#com.fanxin.app.activity.AddContactActivity
ADDED from AndroidManifest.xml:82:9
	android:screenOrientation
		ADDED from AndroidManifest.xml:84:13
	android:theme
		ADDED from AndroidManifest.xml:85:13
	android:name
		ADDED from AndroidManifest.xml:83:13
activity#com.fanxin.app.activity.GroupDetailsActivity
ADDED from AndroidManifest.xml:88:9
	android:screenOrientation
		ADDED from AndroidManifest.xml:90:13
	android:theme
		ADDED from AndroidManifest.xml:91:13
	android:name
		ADDED from AndroidManifest.xml:89:13
activity#com.fanxin.app.activity.GroupsActivity
ADDED from AndroidManifest.xml:94:9
	android:windowSoftInputMode
		ADDED from AndroidManifest.xml:98:13
	android:screenOrientation
		ADDED from AndroidManifest.xml:96:13
	android:theme
		ADDED from AndroidManifest.xml:97:13
	android:name
		ADDED from AndroidManifest.xml:95:13
activity#com.fanxin.app.activity.NewGroupActivity
ADDED from AndroidManifest.xml:101:9
	android:windowSoftInputMode
		ADDED from AndroidManifest.xml:105:13
	android:screenOrientation
		ADDED from AndroidManifest.xml:103:13
	android:theme
		ADDED from AndroidManifest.xml:104:13
	android:name
		ADDED from AndroidManifest.xml:102:13
activity#com.fanxin.app.activity.ExitGroupDialog
ADDED from AndroidManifest.xml:108:9
	android:screenOrientation
		ADDED from AndroidManifest.xml:110:13
	android:theme
		ADDED from AndroidManifest.xml:111:13
	android:name
		ADDED from AndroidManifest.xml:109:13
activity#com.fanxin.app.activity.GroupPickContactsActivity
ADDED from AndroidManifest.xml:114:9
	android:windowSoftInputMode
		ADDED from AndroidManifest.xml:118:13
	android:screenOrientation
		ADDED from AndroidManifest.xml:116:13
	android:theme
		ADDED from AndroidManifest.xml:117:13
	android:name
		ADDED from AndroidManifest.xml:115:13
activity#com.fanxin.app.activity.NewFriendsMsgActivity
ADDED from AndroidManifest.xml:123:9
	android:screenOrientation
		ADDED from AndroidManifest.xml:125:13
	android:theme
		ADDED from AndroidManifest.xml:126:13
	android:name
		ADDED from AndroidManifest.xml:124:13
activity#com.fanxin.app.activity.ForwardMessageActivity
ADDED from AndroidManifest.xml:129:9
	android:windowSoftInputMode
		ADDED from AndroidManifest.xml:133:13
	android:screenOrientation
		ADDED from AndroidManifest.xml:131:13
	android:theme
		ADDED from AndroidManifest.xml:132:13
	android:name
		ADDED from AndroidManifest.xml:130:13
activity#com.fanxin.app.activity.ContextMenu
ADDED from AndroidManifest.xml:136:9
	android:screenOrientation
		ADDED from AndroidManifest.xml:138:13
	android:theme
		ADDED from AndroidManifest.xml:139:13
	android:name
		ADDED from AndroidManifest.xml:137:13
activity#com.fanxin.app.activity.FXAlertDialog
ADDED from AndroidManifest.xml:142:9
	android:screenOrientation
		ADDED from AndroidManifest.xml:144:13
	android:theme
		ADDED from AndroidManifest.xml:145:13
	android:name
		ADDED from AndroidManifest.xml:143:13
activity#com.fanxin.activity.BigImageActivity
ADDED from AndroidManifest.xml:148:9
	android:screenOrientation
		ADDED from AndroidManifest.xml:150:13
	android:theme
		ADDED from AndroidManifest.xml:151:13
	android:name
		ADDED from AndroidManifest.xml:149:13
activity#com.fanxin.app.activity.ShowNormalFileActivity
ADDED from AndroidManifest.xml:154:9
	android:screenOrientation
		ADDED from AndroidManifest.xml:156:13
	android:theme
		ADDED from AndroidManifest.xml:157:13
	android:name
		ADDED from AndroidManifest.xml:155:13
activity#com.fanxin.app.activity.BlacklistActivity
ADDED from AndroidManifest.xml:160:9
	android:screenOrientation
		ADDED from AndroidManifest.xml:162:13
	android:theme
		ADDED from AndroidManifest.xml:163:13
	android:name
		ADDED from AndroidManifest.xml:161:13
activity#com.fanxin.app.activity.PublicGroupsActivity
ADDED from AndroidManifest.xml:167:9
	android:windowSoftInputMode
		ADDED from AndroidManifest.xml:171:13
	android:screenOrientation
		ADDED from AndroidManifest.xml:169:13
	android:theme
		ADDED from AndroidManifest.xml:170:13
	android:name
		ADDED from AndroidManifest.xml:168:13
activity#com.fanxin.app.activity.VoiceCallActivity
ADDED from AndroidManifest.xml:174:9
	android:screenOrientation
		ADDED from AndroidManifest.xml:176:13
	android:theme
		ADDED from AndroidManifest.xml:177:13
	android:name
		ADDED from AndroidManifest.xml:175:13
activity#com.fanxin.app.activity.GroupSimpleDetailActivity
ADDED from AndroidManifest.xml:180:9
	android:screenOrientation
		ADDED from AndroidManifest.xml:182:13
	android:theme
		ADDED from AndroidManifest.xml:183:13
	android:name
		ADDED from AndroidManifest.xml:181:13
activity#com.fanxin.app.activity.GroupBlacklistActivity
ADDED from AndroidManifest.xml:186:9
	android:screenOrientation
		ADDED from AndroidManifest.xml:188:13
	android:theme
		ADDED from AndroidManifest.xml:189:13
	android:name
		ADDED from AndroidManifest.xml:187:13
activity#com.fanxin.app.activity.EditActivity
ADDED from AndroidManifest.xml:191:9
	android:windowSoftInputMode
		ADDED from AndroidManifest.xml:195:13
	android:screenOrientation
		ADDED from AndroidManifest.xml:193:13
	android:theme
		ADDED from AndroidManifest.xml:194:13
	android:name
		ADDED from AndroidManifest.xml:192:13
activity#com.fanxin.app.activity.ShowVideoActivity
ADDED from AndroidManifest.xml:197:9
	android:windowSoftInputMode
		ADDED from AndroidManifest.xml:201:13
	android:screenOrientation
		ADDED from AndroidManifest.xml:199:13
	android:theme
		ADDED from AndroidManifest.xml:200:13
	android:name
		ADDED from AndroidManifest.xml:198:13
activity#com.fanxin.app.activity.ImageGridActivity
ADDED from AndroidManifest.xml:213:9
	android:windowSoftInputMode
		ADDED from AndroidManifest.xml:217:13
	android:screenOrientation
		ADDED from AndroidManifest.xml:215:13
	android:theme
		ADDED from AndroidManifest.xml:216:13
	android:name
		ADDED from AndroidManifest.xml:214:13
activity#com.fanxin.app.activity.RecorderVideoActivity
ADDED from AndroidManifest.xml:219:9
	android:windowSoftInputMode
		ADDED from AndroidManifest.xml:223:13
	android:screenOrientation
		ADDED from AndroidManifest.xml:221:13
	android:theme
		ADDED from AndroidManifest.xml:222:13
	android:name
		ADDED from AndroidManifest.xml:220:13
activity#com.fanxin.app.activity.DiagnoseActivity
ADDED from AndroidManifest.xml:226:9
	android:windowSoftInputMode
		ADDED from AndroidManifest.xml:230:13
	android:screenOrientation
		ADDED from AndroidManifest.xml:228:13
	android:theme
		ADDED from AndroidManifest.xml:229:13
	android:name
		ADDED from AndroidManifest.xml:227:13
activity#com.fanxin.app.fx.QRCode
ADDED from AndroidManifest.xml:232:9
	android:windowSoftInputMode
		ADDED from AndroidManifest.xml:236:13
	android:screenOrientation
		ADDED from AndroidManifest.xml:234:13
	android:theme
		ADDED from AndroidManifest.xml:235:13
	android:name
		ADDED from AndroidManifest.xml:233:13
activity#com.fanxin.app.fx.QRCodeActivity
ADDED from AndroidManifest.xml:238:9
	android:windowSoftInputMode
		ADDED from AndroidManifest.xml:242:13
	android:screenOrientation
		ADDED from AndroidManifest.xml:240:13
	android:theme
		ADDED from AndroidManifest.xml:241:13
	android:name
		ADDED from AndroidManifest.xml:239:13
activity#com.fanxin.app.fx.FriendInfoActivity
ADDED from AndroidManifest.xml:244:9
	android:windowSoftInputMode
		ADDED from AndroidManifest.xml:248:13
	android:screenOrientation
		ADDED from AndroidManifest.xml:246:13
	android:theme
		ADDED from AndroidManifest.xml:247:13
	android:name
		ADDED from AndroidManifest.xml:245:13
activity#com.fanxin.app.fx.MainSocialActivity
ADDED from AndroidManifest.xml:250:9
	android:windowSoftInputMode
		ADDED from AndroidManifest.xml:254:13
	android:screenOrientation
		ADDED from AndroidManifest.xml:252:13
	android:theme
		ADDED from AndroidManifest.xml:253:13
	android:name
		ADDED from AndroidManifest.xml:251:13
activity#com.fanxin.app.fx.ContactListActivity
ADDED from AndroidManifest.xml:256:9
	android:windowSoftInputMode
		ADDED from AndroidManifest.xml:260:13
	android:screenOrientation
		ADDED from AndroidManifest.xml:258:13
	android:theme
		ADDED from AndroidManifest.xml:259:13
	android:name
		ADDED from AndroidManifest.xml:257:13
activity#com.fanxin.app.fx.SocialNoticeActivity
ADDED from AndroidManifest.xml:262:9
	android:windowSoftInputMode
		ADDED from AndroidManifest.xml:266:13
	android:screenOrientation
		ADDED from AndroidManifest.xml:264:13
	android:theme
		ADDED from AndroidManifest.xml:265:13
	android:name
		ADDED from AndroidManifest.xml:263:13
activity#com.fanxin.app.fx.FriendFindActivity
ADDED from AndroidManifest.xml:268:9
	android:windowSoftInputMode
		ADDED from AndroidManifest.xml:272:13
	android:screenOrientation
		ADDED from AndroidManifest.xml:270:13
	android:theme
		ADDED from AndroidManifest.xml:271:13
	android:name
		ADDED from AndroidManifest.xml:269:13
activity#com.fanxin.app.fx.FriendDetailActivity
ADDED from AndroidManifest.xml:274:9
	android:windowSoftInputMode
		ADDED from AndroidManifest.xml:278:13
	android:screenOrientation
		ADDED from AndroidManifest.xml:276:13
	android:theme
		ADDED from AndroidManifest.xml:277:13
	android:name
		ADDED from AndroidManifest.xml:275:13
activity#com.fanxin.app.fx.MyGroupActivity
ADDED from AndroidManifest.xml:280:9
	android:windowSoftInputMode
		ADDED from AndroidManifest.xml:284:13
	android:screenOrientation
		ADDED from AndroidManifest.xml:282:13
	android:theme
		ADDED from AndroidManifest.xml:283:13
	android:name
		ADDED from AndroidManifest.xml:281:13
activity#com.fanxin.app.fx.GroupCreatActivity
ADDED from AndroidManifest.xml:286:9
	android:windowSoftInputMode
		ADDED from AndroidManifest.xml:290:13
	android:screenOrientation
		ADDED from AndroidManifest.xml:288:13
	android:theme
		ADDED from AndroidManifest.xml:289:13
	android:name
		ADDED from AndroidManifest.xml:287:13
activity#com.fanxin.app.fx.ChatRoomSettingActivity
ADDED from AndroidManifest.xml:292:9
	android:windowSoftInputMode
		ADDED from AndroidManifest.xml:296:13
	android:screenOrientation
		ADDED from AndroidManifest.xml:294:13
	android:theme
		ADDED from AndroidManifest.xml:295:13
	android:name
		ADDED from AndroidManifest.xml:293:13
activity#com.fanxin.app.fx.ChatSingleSettingActivity
ADDED from AndroidManifest.xml:298:9
	android:windowSoftInputMode
		ADDED from AndroidManifest.xml:302:13
	android:screenOrientation
		ADDED from AndroidManifest.xml:300:13
	android:theme
		ADDED from AndroidManifest.xml:301:13
	android:name
		ADDED from AndroidManifest.xml:299:13
activity#com.fanxin.app.fx.ReportActivity
ADDED from AndroidManifest.xml:304:9
	android:windowSoftInputMode
		ADDED from AndroidManifest.xml:308:13
	android:screenOrientation
		ADDED from AndroidManifest.xml:306:13
	android:theme
		ADDED from AndroidManifest.xml:307:13
	android:name
		ADDED from AndroidManifest.xml:305:13
activity#com.fanxin.app.fx.LocalSearchActivity
ADDED from AndroidManifest.xml:310:9
	android:windowSoftInputMode
		ADDED from AndroidManifest.xml:314:13
	android:screenOrientation
		ADDED from AndroidManifest.xml:312:13
	android:theme
		ADDED from AndroidManifest.xml:313:13
	android:name
		ADDED from AndroidManifest.xml:311:13
activity#com.fanxin.app.fx.AddFriendsOneActivity
ADDED from AndroidManifest.xml:316:9
	android:windowSoftInputMode
		ADDED from AndroidManifest.xml:320:13
	android:screenOrientation
		ADDED from AndroidManifest.xml:318:13
	android:theme
		ADDED from AndroidManifest.xml:319:13
	android:name
		ADDED from AndroidManifest.xml:317:13
activity#com.fanxin.app.fx.AddFriendsTwoActivity
ADDED from AndroidManifest.xml:322:9
	android:windowSoftInputMode
		ADDED from AndroidManifest.xml:326:13
	android:screenOrientation
		ADDED from AndroidManifest.xml:324:13
	android:theme
		ADDED from AndroidManifest.xml:325:13
	android:name
		ADDED from AndroidManifest.xml:323:13
activity#com.fanxin.app.fx.MyUserInfoActivity
ADDED from AndroidManifest.xml:328:9
	android:windowSoftInputMode
		ADDED from AndroidManifest.xml:332:13
	android:screenOrientation
		ADDED from AndroidManifest.xml:330:13
	android:theme
		ADDED from AndroidManifest.xml:331:13
	android:name
		ADDED from AndroidManifest.xml:329:13
activity#com.fanxin.activity.UserInfoActivity
ADDED from AndroidManifest.xml:334:9
	android:windowSoftInputMode
		ADDED from AndroidManifest.xml:338:13
	android:screenOrientation
		ADDED from AndroidManifest.xml:336:13
	android:theme
		ADDED from AndroidManifest.xml:337:13
	android:name
		ADDED from AndroidManifest.xml:335:13
activity#com.fanxin.app.fx.AddFriendsFinalActivity
ADDED from AndroidManifest.xml:340:9
	android:windowSoftInputMode
		ADDED from AndroidManifest.xml:344:13
	android:screenOrientation
		ADDED from AndroidManifest.xml:342:13
	android:theme
		ADDED from AndroidManifest.xml:343:13
	android:name
		ADDED from AndroidManifest.xml:341:13
activity#com.fanxin.app.fx.UpdateNickActivity
ADDED from AndroidManifest.xml:346:9
	android:windowSoftInputMode
		ADDED from AndroidManifest.xml:350:13
	android:screenOrientation
		ADDED from AndroidManifest.xml:348:13
	android:theme
		ADDED from AndroidManifest.xml:349:13
	android:name
		ADDED from AndroidManifest.xml:347:13
activity#com.fanxin.app.fx.UpdateFxidActivity
ADDED from AndroidManifest.xml:352:9
	android:windowSoftInputMode
		ADDED from AndroidManifest.xml:356:13
	android:screenOrientation
		ADDED from AndroidManifest.xml:354:13
	android:theme
		ADDED from AndroidManifest.xml:355:13
	android:name
		ADDED from AndroidManifest.xml:353:13
activity#com.fanxin.app.fx.NewFriendsActivity
ADDED from AndroidManifest.xml:358:9
	android:windowSoftInputMode
		ADDED from AndroidManifest.xml:362:13
	android:screenOrientation
		ADDED from AndroidManifest.xml:360:13
	android:theme
		ADDED from AndroidManifest.xml:361:13
	android:name
		ADDED from AndroidManifest.xml:359:13
activity#com.fanxin.app.fx.CreatChatRoomActivity
ADDED from AndroidManifest.xml:364:9
	android:windowSoftInputMode
		ADDED from AndroidManifest.xml:368:13
	android:screenOrientation
		ADDED from AndroidManifest.xml:366:13
	android:theme
		ADDED from AndroidManifest.xml:367:13
	android:name
		ADDED from AndroidManifest.xml:365:13
activity#com.fanxin.app.fx.ChatRoomActivity
ADDED from AndroidManifest.xml:370:6
	android:windowSoftInputMode
		ADDED from AndroidManifest.xml:374:13
	android:screenOrientation
		ADDED from AndroidManifest.xml:372:13
	android:theme
		ADDED from AndroidManifest.xml:373:13
	android:name
		ADDED from AndroidManifest.xml:371:13
activity#com.fanxin.app.fx.SettingActivity
ADDED from AndroidManifest.xml:376:14
	android:windowSoftInputMode
		ADDED from AndroidManifest.xml:380:13
	android:screenOrientation
		ADDED from AndroidManifest.xml:378:13
	android:theme
		ADDED from AndroidManifest.xml:379:13
	android:name
		ADDED from AndroidManifest.xml:377:13
activity#apprtc.CallActivity
ADDED from AndroidManifest.xml:382:9
	android:screenOrientation
		ADDED from AndroidManifest.xml:386:13
	android:label
		ADDED from AndroidManifest.xml:385:13
	android:configChanges
		ADDED from AndroidManifest.xml:384:13
	android:name
		ADDED from AndroidManifest.xml:383:13
receiver#com.easemob.chat.StartServiceReceiver
ADDED from AndroidManifest.xml:390:9
	android:name
		ADDED from AndroidManifest.xml:390:19
intent-filter#android.intent.action.BOOT_COMPLETED+android.intent.action.QUICKBOOT_POWERON+android.intent.category.LAUNCHER
ADDED from AndroidManifest.xml:391:13
	android:priority
		ADDED from AndroidManifest.xml:391:28
action#android.intent.action.BOOT_COMPLETED
ADDED from AndroidManifest.xml:392:17
	android:name
		ADDED from AndroidManifest.xml:392:25
action#android.intent.action.QUICKBOOT_POWERON
ADDED from AndroidManifest.xml:393:17
	android:name
		ADDED from AndroidManifest.xml:393:25
meta-data#EASEMOB_APPKEY
ADDED from AndroidManifest.xml:400:9
	android:name
		ADDED from AndroidManifest.xml:401:13
	android:value
		ADDED from AndroidManifest.xml:402:13
service#com.easemob.chat.EMChatService
ADDED from AndroidManifest.xml:404:9
	android:name
		ADDED from AndroidManifest.xml:404:18
service#com.baidu.location.f
ADDED from AndroidManifest.xml:407:9
	android:process
		ADDED from AndroidManifest.xml:410:13
	android:enabled
		ADDED from AndroidManifest.xml:409:13
	android:name
		ADDED from AndroidManifest.xml:408:13
meta-data#UMENG_APPKEY
ADDED from AndroidManifest.xml:412:9
	android:name
		ADDED from AndroidManifest.xml:413:13
	android:value
		ADDED from AndroidManifest.xml:414:13
meta-data#com.baidu.lbsapi.API_KEY
ADDED from AndroidManifest.xml:416:9
	android:name
		ADDED from AndroidManifest.xml:417:13
	android:value
		ADDED from AndroidManifest.xml:418:13